<?xml version="1.0" encoding="UTF-8"?>
<!-- Generated by org.testng.reporters.JUnitReportReporter -->
<testsuite hostname="an-test" name="com.bluemeric.test.GenerateTest" tests="8" failures="0" timestamp="26 Oct 2016 09:27:40 GMT" time="3.418" errors="6">
  <testcase name="getTest" time="0.385" classname="com.bluemeric.test.GenerateTest">
    <error type="java.lang.AssertionError" message="Expected response code is 200. But got 404. Hence failed the test.">
      <![CDATA[java.lang.AssertionError: Expected response code is 200. But got 404. Hence failed the test.
	at org.testng.Assert.fail(Assert.java:89)
	at com.bluemeric.test.GenerateTest.getTest(Unknown Source)
	at sun.reflect.NativeMethodAccessorImpl.invoke0(Native Method)
	at sun.reflect.NativeMethodAccessorImpl.invoke(NativeMethodAccessorImpl.java:62)
	at sun.reflect.DelegatingMethodAccessorImpl.invoke(DelegatingMethodAccessorImpl.java:43)
	at java.lang.reflect.Method.invoke(Method.java:498)
	at org.testng.internal.MethodInvocationHelper.invokeMethod(MethodInvocationHelper.java:80)
	at org.testng.internal.Invoker.invokeMethod(Invoker.java:702)
	at org.testng.internal.Invoker.invokeTestMethod(Invoker.java:894)
	at org.testng.internal.Invoker.invokeTestMethods(Invoker.java:1219)
	at org.testng.internal.TestMethodWorker.invokeTestMethods(TestMethodWorker.java:127)
	at org.testng.internal.TestMethodWorker.run(TestMethodWorker.java:111)
	at org.testng.TestRunner.privateRun(TestRunner.java:768)
	at org.testng.TestRunner.run(TestRunner.java:617)
	at org.testng.SuiteRunner.runTest(SuiteRunner.java:334)
	at org.testng.SuiteRunner.runSequentially(SuiteRunner.java:329)
	at org.testng.SuiteRunner.privateRun(SuiteRunner.java:291)
	at org.testng.SuiteRunner.run(SuiteRunner.java:240)
	at org.testng.SuiteRunnerWorker.runSuite(SuiteRunnerWorker.java:53)
	at org.testng.SuiteRunnerWorker.run(SuiteRunnerWorker.java:87)
	at org.testng.TestNG.runSuitesSequentially(TestNG.java:1188)
	at org.testng.TestNG.runSuitesLocally(TestNG.java:1113)
	at org.testng.TestNG.run(TestNG.java:1025)
	at com.bluemeric.test.RunTest.runTests(Unknown Source)
	at com.bluemeric.test.RunTest.main(Unknown Source)
]]>
    </error>
  </testcase> <!-- getTest -->
  <testcase name="getTest" time="0.363" classname="com.bluemeric.test.GenerateTest"/>
  <testcase name="getTest" time="0.323" classname="com.bluemeric.test.GenerateTest">
    <error type="java.lang.AssertionError" message="Expected response code is 200. But got 404. Hence failed the test.">
      <![CDATA[java.lang.AssertionError: Expected response code is 200. But got 404. Hence failed the test.
	at org.testng.Assert.fail(Assert.java:89)
	at com.bluemeric.test.GenerateTest.getTest(Unknown Source)
	at sun.reflect.NativeMethodAccessorImpl.invoke0(Native Method)
	at sun.reflect.NativeMethodAccessorImpl.invoke(NativeMethodAccessorImpl.java:62)
	at sun.reflect.DelegatingMethodAccessorImpl.invoke(DelegatingMethodAccessorImpl.java:43)
	at java.lang.reflect.Method.invoke(Method.java:498)
	at org.testng.internal.MethodInvocationHelper.invokeMethod(MethodInvocationHelper.java:80)
	at org.testng.internal.Invoker.invokeMethod(Invoker.java:702)
	at org.testng.internal.Invoker.invokeTestMethod(Invoker.java:894)
	at org.testng.internal.Invoker.invokeTestMethods(Invoker.java:1219)
	at org.testng.internal.TestMethodWorker.invokeTestMethods(TestMethodWorker.java:127)
	at org.testng.internal.TestMethodWorker.run(TestMethodWorker.java:111)
	at org.testng.TestRunner.privateRun(TestRunner.java:768)
	at org.testng.TestRunner.run(TestRunner.java:617)
	at org.testng.SuiteRunner.runTest(SuiteRunner.java:334)
	at org.testng.SuiteRunner.runSequentially(SuiteRunner.java:329)
	at org.testng.SuiteRunner.privateRun(SuiteRunner.java:291)
	at org.testng.SuiteRunner.run(SuiteRunner.java:240)
	at org.testng.SuiteRunnerWorker.runSuite(SuiteRunnerWorker.java:53)
	at org.testng.SuiteRunnerWorker.run(SuiteRunnerWorker.java:87)
	at org.testng.TestNG.runSuitesSequentially(TestNG.java:1188)
	at org.testng.TestNG.runSuitesLocally(TestNG.java:1113)
	at org.testng.TestNG.run(TestNG.java:1025)
	at com.bluemeric.test.RunTest.runTests(Unknown Source)
	at com.bluemeric.test.RunTest.main(Unknown Source)
]]>
    </error>
  </testcase> <!-- getTest -->
  <testcase name="getTest" time="0.981" classname="com.bluemeric.test.GenerateTest"/>
  <testcase name="getTest" time="0.326" classname="com.bluemeric.test.GenerateTest">
    <error type="java.lang.AssertionError" message="Expected response code is 200. But got 404. Hence failed the test.">
      <![CDATA[java.lang.AssertionError: Expected response code is 200. But got 404. Hence failed the test.
	at org.testng.Assert.fail(Assert.java:89)
	at com.bluemeric.test.GenerateTest.getTest(Unknown Source)
	at sun.reflect.NativeMethodAccessorImpl.invoke0(Native Method)
	at sun.reflect.NativeMethodAccessorImpl.invoke(NativeMethodAccessorImpl.java:62)
	at sun.reflect.DelegatingMethodAccessorImpl.invoke(DelegatingMethodAccessorImpl.java:43)
	at java.lang.reflect.Method.invoke(Method.java:498)
	at org.testng.internal.MethodInvocationHelper.invokeMethod(MethodInvocationHelper.java:80)
	at org.testng.internal.Invoker.invokeMethod(Invoker.java:702)
	at org.testng.internal.Invoker.invokeTestMethod(Invoker.java:894)
	at org.testng.internal.Invoker.invokeTestMethods(Invoker.java:1219)
	at org.testng.internal.TestMethodWorker.invokeTestMethods(TestMethodWorker.java:127)
	at org.testng.internal.TestMethodWorker.run(TestMethodWorker.java:111)
	at org.testng.TestRunner.privateRun(TestRunner.java:768)
	at org.testng.TestRunner.run(TestRunner.java:617)
	at org.testng.SuiteRunner.runTest(SuiteRunner.java:334)
	at org.testng.SuiteRunner.runSequentially(SuiteRunner.java:329)
	at org.testng.SuiteRunner.privateRun(SuiteRunner.java:291)
	at org.testng.SuiteRunner.run(SuiteRunner.java:240)
	at org.testng.SuiteRunnerWorker.runSuite(SuiteRunnerWorker.java:53)
	at org.testng.SuiteRunnerWorker.run(SuiteRunnerWorker.java:87)
	at org.testng.TestNG.runSuitesSequentially(TestNG.java:1188)
	at org.testng.TestNG.runSuitesLocally(TestNG.java:1113)
	at org.testng.TestNG.run(TestNG.java:1025)
	at com.bluemeric.test.RunTest.runTests(Unknown Source)
	at com.bluemeric.test.RunTest.main(Unknown Source)
]]>
    </error>
  </testcase> <!-- getTest -->
  <testcase name="getTest" time="0.385" classname="com.bluemeric.test.GenerateTest">
    <error type="java.lang.AssertionError" message="Expected response is localApplication. But received reponse = {&quot;description&quot;:&quot;Spring Cloud Eureka Discovery Client&quot;,&quot;status&quot;:&quot;UP&quot;,&quot;discoveryComposite&quot;:{&quot;description&quot;:&quot;Spring Cloud Eureka Discovery Client&quot;,&quot;status&quot;:&quot;UP&quot;,&quot;discoveryClient&quot;:{&quot;description&quot;:&quot;Spring Cloud Eureka Discovery Client&quot;,&quot;status&quot;:&quot;UP&quot;,&quot;services&quot;:[]},&quot;eureka&quot;:{&quot;description&quot;:&quot;Remote status from Eureka server&quot;,&quot;status&quot;:&quot;UNKNOWN&quot;,&quot;applications&quot;:{}}},&quot;diskSpace&quot;:{&quot;status&quot;:&quot;UP&quot;,&quot;total&quot;:105654812672,&quot;free&quot;:98012581888,&quot;threshold&quot;:10485760},&quot;refreshScope&quot;:{&quot;status&quot;:&quot;UP&quot;},&quot;hystrix&quot;:{&quot;status&quot;:&quot;UP&quot;}}. Output mismatching. Hence failing the test.">
      <![CDATA[java.lang.AssertionError: Expected response is localApplication. But received reponse = {"description":"Spring Cloud Eureka Discovery Client","status":"UP","discoveryComposite":{"description":"Spring Cloud Eureka Discovery Client","status":"UP","discoveryClient":{"description":"Spring Cloud Eureka Discovery Client","status":"UP","services":[]},"eureka":{"description":"Remote status from Eureka server","status":"UNKNOWN","applications":{}}},"diskSpace":{"status":"UP","total":105654812672,"free":98012581888,"threshold":10485760},"refreshScope":{"status":"UP"},"hystrix":{"status":"UP"}}. Output mismatching. Hence failing the test.
	at org.testng.Assert.fail(Assert.java:89)
	at com.bluemeric.test.GenerateTest.getTest(Unknown Source)
	at sun.reflect.NativeMethodAccessorImpl.invoke0(Native Method)
	at sun.reflect.NativeMethodAccessorImpl.invoke(NativeMethodAccessorImpl.java:62)
	at sun.reflect.DelegatingMethodAccessorImpl.invoke(DelegatingMethodAccessorImpl.java:43)
	at java.lang.reflect.Method.invoke(Method.java:498)
	at org.testng.internal.MethodInvocationHelper.invokeMethod(MethodInvocationHelper.java:80)
	at org.testng.internal.Invoker.invokeMethod(Invoker.java:702)
	at org.testng.internal.Invoker.invokeTestMethod(Invoker.java:894)
	at org.testng.internal.Invoker.invokeTestMethods(Invoker.java:1219)
	at org.testng.internal.TestMethodWorker.invokeTestMethods(TestMethodWorker.java:127)
	at org.testng.internal.TestMethodWorker.run(TestMethodWorker.java:111)
	at org.testng.TestRunner.privateRun(TestRunner.java:768)
	at org.testng.TestRunner.run(TestRunner.java:617)
	at org.testng.SuiteRunner.runTest(SuiteRunner.java:334)
	at org.testng.SuiteRunner.runSequentially(SuiteRunner.java:329)
	at org.testng.SuiteRunner.privateRun(SuiteRunner.java:291)
	at org.testng.SuiteRunner.run(SuiteRunner.java:240)
	at org.testng.SuiteRunnerWorker.runSuite(SuiteRunnerWorker.java:53)
	at org.testng.SuiteRunnerWorker.run(SuiteRunnerWorker.java:87)
	at org.testng.TestNG.runSuitesSequentially(TestNG.java:1188)
	at org.testng.TestNG.runSuitesLocally(TestNG.java:1113)
	at org.testng.TestNG.run(TestNG.java:1025)
	at com.bluemeric.test.RunTest.runTests(Unknown Source)
	at com.bluemeric.test.RunTest.main(Unknown Source)
]]>
    </error>
  </testcase> <!-- getTest -->
  <testcase name="getTest" time="0.332" classname="com.bluemeric.test.GenerateTest">
    <error type="java.lang.AssertionError" message="Expected response is Hystrix Dashboard. But received reponse = &lt;!doctype html&gt;
&lt;!--[if lt IE 7]&gt;      &lt;html class=&quot;no-js lt-ie9 lt-ie8 lt-ie7&quot;&gt; &lt;![endif]--&gt;
&lt;!--[if IE 7]&gt;         &lt;html class=&quot;no-js lt-ie9 lt-ie8&quot;&gt; &lt;![endif]--&gt;
&lt;!--[if IE 8]&gt;         &lt;html class=&quot;no-js lt-ie9&quot;&gt; &lt;![endif]--&gt;
&lt;!--[if gt IE 8]&gt;&lt;!--&gt; &lt;html class=&quot;no-js&quot;&gt; &lt;!--&lt;![endif]--&gt;
  &lt;head&gt;
    &lt;base href=&quot;/&quot;&gt;
    &lt;meta charset=&quot;utf-8&quot;&gt;
    &lt;meta http-equiv=&quot;X-UA-Compatible&quot; content=&quot;IE=edge&quot;&gt;
    &lt;title&gt;Eureka&lt;/title&gt;
    &lt;meta name=&quot;description&quot; content=&quot;&quot;&gt;
    &lt;meta name=&quot;viewport&quot; content=&quot;width=device-width&quot;&gt;

    &lt;link rel=&quot;stylesheet&quot; href=&quot;eureka/css/wro.css&quot;&gt;

  &lt;/head&gt;

  &lt;body id=&quot;one&quot;&gt;
&lt;nav class=&quot;navbar navbar-default&quot; role=&quot;navigation&quot;&gt;
  &lt;div class=&quot;container&quot;&gt;
    &lt;div class=&quot;navbar-header&quot;&gt;
      &lt;a class=&quot;navbar-brand&quot; href=&quot;&quot;&gt;&lt;span&gt;&lt;/span&gt;&lt;/a&gt;
      &lt;button type=&quot;button&quot; class=&quot;navbar-toggle&quot; data-toggle=&quot;collapse&quot; data-target=&quot;#bs-example-navbar-collapse-1&quot;&gt;
        &lt;span class=&quot;sr-only&quot;&gt;Toggle navigation&lt;/span&gt;
        &lt;span class=&quot;icon-bar&quot;&gt;&lt;/span&gt;
        &lt;span class=&quot;icon-bar&quot;&gt;&lt;/span&gt;
        &lt;span class=&quot;icon-bar&quot;&gt;&lt;/span&gt;
      &lt;/button&gt;
    &lt;/div&gt;
    &lt;div class=&quot;collapse navbar-collapse&quot; id=&quot;bs-example-navbar-collapse-1&quot;&gt;
      &lt;ul class=&quot;nav navbar-nav navbar-right&quot;&gt;
        &lt;li&gt;
          &lt;a href=&quot;&quot;&gt;Home&lt;/a&gt;
        &lt;/li&gt;
        &lt;li&gt;
          &lt;a href=&quot;/lastn&quot;&gt;Last 1000 since startup&lt;/a&gt;
        &lt;/li&gt;
      &lt;/ul&gt;
    &lt;/div&gt;
  &lt;/div&gt;
&lt;/nav&gt;


    &lt;div class=&quot;container-fluid xd-container&quot;&gt;
&lt;h1&gt;System Status&lt;/h1&gt;
&lt;div class=&quot;row&quot;&gt;
  &lt;div class=&quot;col-md-6&quot;&gt;
    &lt;table id=&#039;instances&#039; class=&quot;table table-condensed table-striped table-hover&quot;&gt;
            &lt;tr&gt;
        &lt;td&gt;Environment&lt;/td&gt;
        &lt;td&gt;test&lt;/td&gt;
      &lt;/tr&gt;
      &lt;tr&gt;
        &lt;td&gt;Data center&lt;/td&gt;
        &lt;td&gt;default&lt;/td&gt;
      &lt;/tr&gt;
    &lt;/table&gt;
  &lt;/div&gt;
  &lt;div class=&quot;col-md-6&quot;&gt;
    &lt;table id=&#039;instances&#039; class=&quot;table table-condensed table-striped table-hover&quot;&gt;
      &lt;tr&gt;
        &lt;td&gt;Current time&lt;/td&gt;
        &lt;td&gt;2016-10-26T09:27:39 +0000&lt;/td&gt;
      &lt;/tr&gt;
      &lt;tr&gt;
        &lt;td&gt;Uptime&lt;/td&gt;
        &lt;td&gt;00:49&lt;/td&gt;
      &lt;/tr&gt;
      &lt;tr&gt;
        &lt;td&gt;Lease expiration enabled&lt;/td&gt;
        &lt;td&gt;true&lt;/td&gt;
      &lt;/tr&gt;
      &lt;tr&gt;
        &lt;td&gt;Renews threshold&lt;/td&gt;
        &lt;td&gt;11&lt;/td&gt;
      &lt;/tr&gt;
      &lt;tr&gt;
        &lt;td&gt;Renews (last min)&lt;/td&gt;
        &lt;td&gt;12&lt;/td&gt;
      &lt;/tr&gt;
    &lt;/table&gt;
  &lt;/div&gt;
&lt;/div&gt;


&lt;h1&gt;DS Replicas&lt;/h1&gt;
&lt;ul class=&quot;list-group&quot;&gt;
&lt;/ul&gt;

      &lt;h1&gt;Instances currently registered with Eureka&lt;/h1&gt;
      &lt;table id=&#039;instances&#039; class=&quot;table table-striped table-hover&quot;&gt;
        &lt;thead&gt;
          &lt;tr&gt;&lt;th&gt;Application&lt;/th&gt;&lt;th&gt;AMIs&lt;/th&gt;&lt;th&gt;Availability Zones&lt;/th&gt;&lt;th&gt;Status&lt;/th&gt;&lt;/tr&gt;
        &lt;/thead&gt;
        &lt;tbody&gt;
              &lt;tr&gt;
                &lt;td&gt;&lt;b&gt;CONFIGSERVER&lt;/b&gt;&lt;/td&gt;
                &lt;td&gt;
                    &lt;b&gt;n/a&lt;/b&gt; (1)
                &lt;/td&gt;
                &lt;td&gt;
                    &lt;b&gt;&lt;/b&gt; (1)
                &lt;/td&gt;
                &lt;td&gt;
                    &lt;b&gt;UP&lt;/b&gt; (1) -
                        &lt;a href=&quot;http://configserver:8888/info&quot; target=&quot;_blank&quot;&gt;6afaf359b986:configserver:8888&lt;/a&gt;

                &lt;/td&gt;
              &lt;/tr&gt;
              &lt;tr&gt;
                &lt;td&gt;&lt;b&gt;GATEWAY&lt;/b&gt;&lt;/td&gt;
                &lt;td&gt;
                    &lt;b&gt;n/a&lt;/b&gt; (1)
                &lt;/td&gt;
                &lt;td&gt;
                    &lt;b&gt;&lt;/b&gt; (1)
                &lt;/td&gt;
                &lt;td&gt;
                    &lt;b&gt;UP&lt;/b&gt; (1) -
                        &lt;a href=&quot;http://gateway:10000/info&quot; target=&quot;_blank&quot;&gt;c2a182684d5d:gateway:10000&lt;/a&gt;

                &lt;/td&gt;
              &lt;/tr&gt;
              &lt;tr&gt;
                &lt;td&gt;&lt;b&gt;MOVIE&lt;/b&gt;&lt;/td&gt;
                &lt;td&gt;
                    &lt;b&gt;n/a&lt;/b&gt; (1)
                &lt;/td&gt;
                &lt;td&gt;
                    &lt;b&gt;&lt;/b&gt; (1)
                &lt;/td&gt;
                &lt;td&gt;
                    &lt;b&gt;UP&lt;/b&gt; (1) -
                        &lt;a href=&quot;http://172.17.0.30:9005/info&quot; target=&quot;_blank&quot;&gt;cee6446d92a7:movie:9005&lt;/a&gt;

                &lt;/td&gt;
              &lt;/tr&gt;
              &lt;tr&gt;
                &lt;td&gt;&lt;b&gt;MOVIESUI&lt;/b&gt;&lt;/td&gt;
                &lt;td&gt;
                    &lt;b&gt;n/a&lt;/b&gt; (1)
                &lt;/td&gt;
                &lt;td&gt;
                    &lt;b&gt;&lt;/b&gt; (1)
                &lt;/td&gt;
                &lt;td&gt;
                    &lt;b&gt;UP&lt;/b&gt; (1) -
                        &lt;a href=&quot;http://172.17.0.32:9006/info&quot; target=&quot;_blank&quot;&gt;ba351638749f:moviesui:9006&lt;/a&gt;

                &lt;/td&gt;
              &lt;/tr&gt;
              &lt;tr&gt;
                &lt;td&gt;&lt;b&gt;RECOMMENDATION&lt;/b&gt;&lt;/td&gt;
                &lt;td&gt;
                    &lt;b&gt;n/a&lt;/b&gt; (1)
                &lt;/td&gt;
                &lt;td&gt;
                    &lt;b&gt;&lt;/b&gt; (1)
                &lt;/td&gt;
                &lt;td&gt;
                    &lt;b&gt;UP&lt;/b&gt; (1) -
                        &lt;a href=&quot;http://172.17.0.29:9003/info&quot; target=&quot;_blank&quot;&gt;7f7844e58079:recommendation:9003&lt;/a&gt;

                &lt;/td&gt;
              &lt;/tr&gt;
              &lt;tr&gt;
                &lt;td&gt;&lt;b&gt;USER&lt;/b&gt;&lt;/td&gt;
                &lt;td&gt;
                    &lt;b&gt;n/a&lt;/b&gt; (1)
                &lt;/td&gt;
                &lt;td&gt;
                    &lt;b&gt;&lt;/b&gt; (1)
                &lt;/td&gt;
                &lt;td&gt;
                    &lt;b&gt;UP&lt;/b&gt; (1) -
                        &lt;a href=&quot;http://172.17.0.31:9000/info&quot; target=&quot;_blank&quot;&gt;3601203cc6e3:user:9000&lt;/a&gt;

                &lt;/td&gt;
              &lt;/tr&gt;

        &lt;/tbody&gt;
      &lt;/table&gt;

      &lt;h1&gt;General Info&lt;/h1&gt;

      &lt;table id=&#039;generalInfo&#039; class=&quot;table table-striped table-hover&quot;&gt;
        &lt;thead&gt;
          &lt;tr&gt;&lt;th&gt;Name&lt;/th&gt;&lt;th&gt;Value&lt;/th&gt;&lt;/tr&gt;
        &lt;/thead&gt;
        &lt;tbody&gt;
            &lt;tr&gt;
              &lt;td&gt;total-avail-memory&lt;/td&gt;&lt;td&gt;72mb&lt;/td&gt;
            &lt;/tr&gt;
            &lt;tr&gt;
              &lt;td&gt;environment&lt;/td&gt;&lt;td&gt;test&lt;/td&gt;
            &lt;/tr&gt;
            &lt;tr&gt;
              &lt;td&gt;num-of-cpus&lt;/td&gt;&lt;td&gt;1&lt;/td&gt;
            &lt;/tr&gt;
            &lt;tr&gt;
              &lt;td&gt;current-memory-usage&lt;/td&gt;&lt;td&gt;53mb (73%)&lt;/td&gt;
            &lt;/tr&gt;
            &lt;tr&gt;
              &lt;td&gt;server-uptime&lt;/td&gt;&lt;td&gt;00:49&lt;/td&gt;
            &lt;/tr&gt;
            &lt;tr&gt;
              &lt;td&gt;registered-replicas&lt;/td&gt;&lt;td&gt;&lt;/td&gt;
            &lt;/tr&gt;
            &lt;tr&gt;
              &lt;td&gt;unavailable-replicas&lt;/td&gt;&lt;td&gt;&lt;/td&gt;
            &lt;/tr&gt;
            &lt;tr&gt;
              &lt;td&gt;available-replicas&lt;/td&gt;&lt;td&gt;&lt;/td&gt;
            &lt;/tr&gt;
        &lt;/tbody&gt;
      &lt;/table&gt;

      &lt;h1&gt;Instance Info&lt;/h1&gt;

      &lt;table id=&#039;instanceInfo&#039; class=&quot;table table-striped table-hover&quot;&gt;
        &lt;thead&gt;
          &lt;tr&gt;&lt;th&gt;Name&lt;/th&gt;&lt;th&gt;Value&lt;/th&gt;&lt;/tr&gt;
        &lt;thead&gt;
        &lt;tbody&gt;
            &lt;tr&gt;
              &lt;td&gt;ipAddr&lt;/td&gt;&lt;td&gt;172.17.0.27&lt;/td&gt;
            &lt;/tr&gt;
            &lt;tr&gt;
              &lt;td&gt;status&lt;/td&gt;&lt;td&gt;UP&lt;/td&gt;
            &lt;/tr&gt;
        &lt;/tbody&gt;
      &lt;/table&gt;
    &lt;/div&gt;
    &lt;script type=&quot;text/javascript&quot; src=&quot;eureka/js/wro.js&quot; &gt;&lt;/script&gt;
    &lt;script type=&quot;text/javascript&quot;&gt;
       $(document).ready(function() {
         $(&#039;table.stripeable tr:odd&#039;).addClass(&#039;odd&#039;);
         $(&#039;table.stripeable tr:even&#039;).addClass(&#039;even&#039;);
       });
    &lt;/script&gt;
  &lt;/body&gt;
&lt;/html&gt;
. Output mismatching. Hence failing the test.">
      <![CDATA[java.lang.AssertionError: Expected response is Hystrix Dashboard. But received reponse = <!doctype html>
<!--[if lt IE 7]>      <html class="no-js lt-ie9 lt-ie8 lt-ie7"> <![endif]-->
<!--[if IE 7]>         <html class="no-js lt-ie9 lt-ie8"> <![endif]-->
<!--[if IE 8]>         <html class="no-js lt-ie9"> <![endif]-->
<!--[if gt IE 8]><!--> <html class="no-js"> <!--<![endif]-->
  <head>
    <base href="/">
    <meta charset="utf-8">
    <meta http-equiv="X-UA-Compatible" content="IE=edge">
    <title>Eureka</title>
    <meta name="description" content="">
    <meta name="viewport" content="width=device-width">

    <link rel="stylesheet" href="eureka/css/wro.css">

  </head>

  <body id="one">
<nav class="navbar navbar-default" role="navigation">
  <div class="container">
    <div class="navbar-header">
      <a class="navbar-brand" href=""><span></span></a>
      <button type="button" class="navbar-toggle" data-toggle="collapse" data-target="#bs-example-navbar-collapse-1">
        <span class="sr-only">Toggle navigation</span>
        <span class="icon-bar"></span>
        <span class="icon-bar"></span>
        <span class="icon-bar"></span>
      </button>
    </div>
    <div class="collapse navbar-collapse" id="bs-example-navbar-collapse-1">
      <ul class="nav navbar-nav navbar-right">
        <li>
          <a href="">Home</a>
        </li>
        <li>
          <a href="/lastn">Last 1000 since startup</a>
        </li>
      </ul>
    </div>
  </div>
</nav>


    <div class="container-fluid xd-container">
<h1>System Status</h1>
<div class="row">
  <div class="col-md-6">
    <table id='instances' class="table table-condensed table-striped table-hover">
            <tr>
        <td>Environment</td>
        <td>test</td>
      </tr>
      <tr>
        <td>Data center</td>
        <td>default</td>
      </tr>
    </table>
  </div>
  <div class="col-md-6">
    <table id='instances' class="table table-condensed table-striped table-hover">
      <tr>
        <td>Current time</td>
        <td>2016-10-26T09:27:39 +0000</td>
      </tr>
      <tr>
        <td>Uptime</td>
        <td>00:49</td>
      </tr>
      <tr>
        <td>Lease expiration enabled</td>
        <td>true</td>
      </tr>
      <tr>
        <td>Renews threshold</td>
        <td>11</td>
      </tr>
      <tr>
        <td>Renews (last min)</td>
        <td>12</td>
      </tr>
    </table>
  </div>
</div>


<h1>DS Replicas</h1>
<ul class="list-group">
</ul>

      <h1>Instances currently registered with Eureka</h1>
      <table id='instances' class="table table-striped table-hover">
        <thead>
          <tr><th>Application</th><th>AMIs</th><th>Availability Zones</th><th>Status</th></tr>
        </thead>
        <tbody>
              <tr>
                <td><b>CONFIGSERVER</b></td>
                <td>
                    <b>n/a</b> (1)
                </td>
                <td>
                    <b></b> (1)
                </td>
                <td>
                    <b>UP</b> (1) -
                        <a href="http://configserver:8888/info" target="_blank">6afaf359b986:configserver:8888</a>

                </td>
              </tr>
              <tr>
                <td><b>GATEWAY</b></td>
                <td>
                    <b>n/a</b> (1)
                </td>
                <td>
                    <b></b> (1)
                </td>
                <td>
                    <b>UP</b> (1) -
                        <a href="http://gateway:10000/info" target="_blank">c2a182684d5d:gateway:10000</a>

                </td>
              </tr>
              <tr>
                <td><b>MOVIE</b></td>
                <td>
                    <b>n/a</b> (1)
                </td>
                <td>
                    <b></b> (1)
                </td>
                <td>
                    <b>UP</b> (1) -
                        <a href="http://172.17.0.30:9005/info" target="_blank">cee6446d92a7:movie:9005</a>

                </td>
              </tr>
              <tr>
                <td><b>MOVIESUI</b></td>
                <td>
                    <b>n/a</b> (1)
                </td>
                <td>
                    <b></b> (1)
                </td>
                <td>
                    <b>UP</b> (1) -
                        <a href="http://172.17.0.32:9006/info" target="_blank">ba351638749f:moviesui:9006</a>

                </td>
              </tr>
              <tr>
                <td><b>RECOMMENDATION</b></td>
                <td>
                    <b>n/a</b> (1)
                </td>
                <td>
                    <b></b> (1)
                </td>
                <td>
                    <b>UP</b> (1) -
                        <a href="http://172.17.0.29:9003/info" target="_blank">7f7844e58079:recommendation:9003</a>

                </td>
              </tr>
              <tr>
                <td><b>USER</b></td>
                <td>
                    <b>n/a</b> (1)
                </td>
                <td>
                    <b></b> (1)
                </td>
                <td>
                    <b>UP</b> (1) -
                        <a href="http://172.17.0.31:9000/info" target="_blank">3601203cc6e3:user:9000</a>

                </td>
              </tr>

        </tbody>
      </table>

      <h1>General Info</h1>

      <table id='generalInfo' class="table table-striped table-hover">
        <thead>
          <tr><th>Name</th><th>Value</th></tr>
        </thead>
        <tbody>
            <tr>
              <td>total-avail-memory</td><td>72mb</td>
            </tr>
            <tr>
              <td>environment</td><td>test</td>
            </tr>
            <tr>
              <td>num-of-cpus</td><td>1</td>
            </tr>
            <tr>
              <td>current-memory-usage</td><td>53mb (73%)</td>
            </tr>
            <tr>
              <td>server-uptime</td><td>00:49</td>
            </tr>
            <tr>
              <td>registered-replicas</td><td></td>
            </tr>
            <tr>
              <td>unavailable-replicas</td><td></td>
            </tr>
            <tr>
              <td>available-replicas</td><td></td>
            </tr>
        </tbody>
      </table>

      <h1>Instance Info</h1>

      <table id='instanceInfo' class="table table-striped table-hover">
        <thead>
          <tr><th>Name</th><th>Value</th></tr>
        <thead>
        <tbody>
            <tr>
              <td>ipAddr</td><td>172.17.0.27</td>
            </tr>
            <tr>
              <td>status</td><td>UP</td>
            </tr>
        </tbody>
      </table>
    </div>
    <script type="text/javascript" src="eureka/js/wro.js" ></script>
    <script type="text/javascript">
       $(document).ready(function() {
         $('table.stripeable tr:odd').addClass('odd');
         $('table.stripeable tr:even').addClass('even');
       });
    </script>
  </body>
</html>
. Output mismatching. Hence failing the test.
	at org.testng.Assert.fail(Assert.java:89)
	at com.bluemeric.test.GenerateTest.getTest(Unknown Source)
	at sun.reflect.NativeMethodAccessorImpl.invoke0(Native Method)
	at sun.reflect.NativeMethodAccessorImpl.invoke(NativeMethodAccessorImpl.java:62)
	at sun.reflect.DelegatingMethodAccessorImpl.invoke(DelegatingMethodAccessorImpl.java:43)
	at java.lang.reflect.Method.invoke(Method.java:498)
	at org.testng.internal.MethodInvocationHelper.invokeMethod(MethodInvocationHelper.java:80)
	at org.testng.internal.Invoker.invokeMethod(Invoker.java:702)
	at org.testng.internal.Invoker.invokeTestMethod(Invoker.java:894)
	at org.testng.internal.Invoker.invokeTestMethods(Invoker.java:1219)
	at org.testng.internal.TestMethodWorker.invokeTestMethods(TestMethodWorker.java:127)
	at org.testng.internal.TestMethodWorker.run(TestMethodWorker.java:111)
	at org.testng.TestRunner.privateRun(TestRunner.java:768)
	at org.testng.TestRunner.run(TestRunner.java:617)
	at org.testng.SuiteRunner.runTest(SuiteRunner.java:334)
	at org.testng.SuiteRunner.runSequentially(SuiteRunner.java:329)
	at org.testng.SuiteRunner.privateRun(SuiteRunner.java:291)
	at org.testng.SuiteRunner.run(SuiteRunner.java:240)
	at org.testng.SuiteRunnerWorker.runSuite(SuiteRunnerWorker.java:53)
	at org.testng.SuiteRunnerWorker.run(SuiteRunnerWorker.java:87)
	at org.testng.TestNG.runSuitesSequentially(TestNG.java:1188)
	at org.testng.TestNG.runSuitesLocally(TestNG.java:1113)
	at org.testng.TestNG.run(TestNG.java:1025)
	at com.bluemeric.test.RunTest.runTests(Unknown Source)
	at com.bluemeric.test.RunTest.main(Unknown Source)
]]>
    </error>
  </testcase> <!-- getTest -->
  <testcase name="getTest" time="0.323" classname="com.bluemeric.test.GenerateTest">
    <error type="java.lang.AssertionError" message="Expected response code is 200. But got 404. Hence failed the test.">
      <![CDATA[java.lang.AssertionError: Expected response code is 200. But got 404. Hence failed the test.
	at org.testng.Assert.fail(Assert.java:89)
	at com.bluemeric.test.GenerateTest.getTest(Unknown Source)
	at sun.reflect.NativeMethodAccessorImpl.invoke0(Native Method)
	at sun.reflect.NativeMethodAccessorImpl.invoke(NativeMethodAccessorImpl.java:62)
	at sun.reflect.DelegatingMethodAccessorImpl.invoke(DelegatingMethodAccessorImpl.java:43)
	at java.lang.reflect.Method.invoke(Method.java:498)
	at org.testng.internal.MethodInvocationHelper.invokeMethod(MethodInvocationHelper.java:80)
	at org.testng.internal.Invoker.invokeMethod(Invoker.java:702)
	at org.testng.internal.Invoker.invokeTestMethod(Invoker.java:894)
	at org.testng.internal.Invoker.invokeTestMethods(Invoker.java:1219)
	at org.testng.internal.TestMethodWorker.invokeTestMethods(TestMethodWorker.java:127)
	at org.testng.internal.TestMethodWorker.run(TestMethodWorker.java:111)
	at org.testng.TestRunner.privateRun(TestRunner.java:768)
	at org.testng.TestRunner.run(TestRunner.java:617)
	at org.testng.SuiteRunner.runTest(SuiteRunner.java:334)
	at org.testng.SuiteRunner.runSequentially(SuiteRunner.java:329)
	at org.testng.SuiteRunner.privateRun(SuiteRunner.java:291)
	at org.testng.SuiteRunner.run(SuiteRunner.java:240)
	at org.testng.SuiteRunnerWorker.runSuite(SuiteRunnerWorker.java:53)
	at org.testng.SuiteRunnerWorker.run(SuiteRunnerWorker.java:87)
	at org.testng.TestNG.runSuitesSequentially(TestNG.java:1188)
	at org.testng.TestNG.runSuitesLocally(TestNG.java:1113)
	at org.testng.TestNG.run(TestNG.java:1025)
	at com.bluemeric.test.RunTest.runTests(Unknown Source)
	at com.bluemeric.test.RunTest.main(Unknown Source)
]]>
    </error>
  </testcase> <!-- getTest -->
</testsuite> <!-- com.bluemeric.test.GenerateTest -->
